<?xml version="1.0" encoding="UTF-8"?>
<testng-results ignored="0" total="1" passed="1" failed="0" skipped="0">
  <reporter-output>
  </reporter-output>
  <suite started-at="2024-02-07T08:52:03Z" name="Suite" finished-at="2024-02-07T08:52:08Z" duration-ms="4921">
    <groups>
    </groups>
    <test started-at="2024-02-07T08:52:03Z" name="Test" finished-at="2024-02-07T08:52:08Z" duration-ms="4921">
      <class name="sample.runner">
        <test-method signature="run()[pri:0, instance:sample.runner@543295b0]" started-at="2024-02-07T14:22:03Z" name="run" finished-at="2024-02-07T14:22:08Z" duration-ms="4911" status="PASS">
          <reporter-output>
          </reporter-output>
        </test-method> <!-- run -->
      </class> <!-- sample.runner -->
    </test> <!-- Test -->
  </suite> <!-- Suite -->
</testng-results>
