<?xml version="1.0" encoding="UTF-8"?>
<testng-results ignored="0" total="1" passed="1" failed="0" skipped="0">
  <reporter-output>
  </reporter-output>
  <suite started-at="2024-02-06T12:07:39 IST" name="Default suite" finished-at="2024-02-06T12:07:45 IST" duration-ms="6276">
    <groups>
    </groups>
    <test started-at="2024-02-06T12:07:39 IST" name="Default test" finished-at="2024-02-06T12:07:45 IST" duration-ms="6276">
      <class name="sample.runner">
        <test-method signature="run()[pri:0, instance:sample.runner@25641d39]" started-at="2024-02-06T12:07:39 IST" name="run" finished-at="2024-02-06T12:07:45 IST" duration-ms="6232" status="PASS">
          <reporter-output>
          </reporter-output>
        </test-method> <!-- run -->
      </class> <!-- sample.runner -->
    </test> <!-- Default test -->
  </suite> <!-- Default suite -->
</testng-results>
